[0.142s] Invoking command in '/home/aryanbhalkikar/RISC_Hack_PS/ros2_ps_ws/build/my_robot_bringup': DEBUGINFOD_URLS=https://debuginfod.ubuntu.com /usr/bin/cmake /home/aryanbhalkikar/RISC_Hack_PS/ros2_ps_ws/src/my_robot_bringup -DCMAKE_INSTALL_PREFIX=/home/aryanbhalkikar/RISC_Hack_PS/ros2_ps_ws/install/my_robot_bringup
[0.225s] -- The C compiler identification is GNU 13.3.0
[0.310s] -- The CXX compiler identification is GNU 13.3.0
[0.328s] -- Detecting C compiler ABI info
[0.409s] -- Detecting C compiler ABI info - done
[0.416s] -- Check for working C compiler: /usr/bin/cc - skipped
[0.416s] -- Detecting C compile features
[0.417s] -- Detecting C compile features - done
[0.423s] -- Detecting CXX compiler ABI info
[0.519s] -- Detecting CXX compiler ABI info - done
[0.536s] -- Check for working CXX compiler: /usr/bin/c++ - skipped
[0.536s] -- Detecting CXX compile features
[0.537s] -- Detecting CXX compile features - done
[0.542s] -- Found ament_cmake: 2.5.4 (/opt/ros/jazzy/share/ament_cmake/cmake)
[0.719s] -- Found Python3: /usr/bin/python3 (found version "3.12.3") found components: Interpreter 
[0.814s] -- Found ament_lint_auto: 0.17.2 (/opt/ros/jazzy/share/ament_lint_auto/cmake)
[0.896s] -- Added test 'lint_cmake' to check CMake code style
[0.897s] -- Added test 'xmllint' to check XML markup files
[0.898s] -- Configuring done (0.7s)
[0.899s] -- Generating done (0.0s)
[0.900s] -- Build files have been written to: /home/aryanbhalkikar/RISC_Hack_PS/ros2_ps_ws/build/my_robot_bringup
[0.902s] Invoked command in '/home/aryanbhalkikar/RISC_Hack_PS/ros2_ps_ws/build/my_robot_bringup' returned '0': DEBUGINFOD_URLS=https://debuginfod.ubuntu.com /usr/bin/cmake /home/aryanbhalkikar/RISC_Hack_PS/ros2_ps_ws/src/my_robot_bringup -DCMAKE_INSTALL_PREFIX=/home/aryanbhalkikar/RISC_Hack_PS/ros2_ps_ws/install/my_robot_bringup
[0.903s] Invoking command in '/home/aryanbhalkikar/RISC_Hack_PS/ros2_ps_ws/build/my_robot_bringup': DEBUGINFOD_URLS=https://debuginfod.ubuntu.com /usr/bin/cmake --build /home/aryanbhalkikar/RISC_Hack_PS/ros2_ps_ws/build/my_robot_bringup -- -j8 -l8
[0.938s] Invoked command in '/home/aryanbhalkikar/RISC_Hack_PS/ros2_ps_ws/build/my_robot_bringup' returned '0': DEBUGINFOD_URLS=https://debuginfod.ubuntu.com /usr/bin/cmake --build /home/aryanbhalkikar/RISC_Hack_PS/ros2_ps_ws/build/my_robot_bringup -- -j8 -l8
[0.938s] Invoking command in '/home/aryanbhalkikar/RISC_Hack_PS/ros2_ps_ws/build/my_robot_bringup': DEBUGINFOD_URLS=https://debuginfod.ubuntu.com /usr/bin/cmake --install /home/aryanbhalkikar/RISC_Hack_PS/ros2_ps_ws/build/my_robot_bringup
[0.943s] -- Install configuration: ""
[0.943s] -- Installing: /home/aryanbhalkikar/RISC_Hack_PS/ros2_ps_ws/install/my_robot_bringup/share/ament_index/resource_index/package_run_dependencies/my_robot_bringup
[0.944s] -- Installing: /home/aryanbhalkikar/RISC_Hack_PS/ros2_ps_ws/install/my_robot_bringup/share/ament_index/resource_index/parent_prefix_path/my_robot_bringup
[0.944s] -- Installing: /home/aryanbhalkikar/RISC_Hack_PS/ros2_ps_ws/install/my_robot_bringup/share/my_robot_bringup/environment/ament_prefix_path.sh
[0.944s] -- Installing: /home/aryanbhalkikar/RISC_Hack_PS/ros2_ps_ws/install/my_robot_bringup/share/my_robot_bringup/environment/ament_prefix_path.dsv
[0.944s] -- Installing: /home/aryanbhalkikar/RISC_Hack_PS/ros2_ps_ws/install/my_robot_bringup/share/my_robot_bringup/environment/path.sh
[0.944s] -- Installing: /home/aryanbhalkikar/RISC_Hack_PS/ros2_ps_ws/install/my_robot_bringup/share/my_robot_bringup/environment/path.dsv
[0.944s] -- Installing: /home/aryanbhalkikar/RISC_Hack_PS/ros2_ps_ws/install/my_robot_bringup/share/my_robot_bringup/local_setup.bash
[0.944s] -- Installing: /home/aryanbhalkikar/RISC_Hack_PS/ros2_ps_ws/install/my_robot_bringup/share/my_robot_bringup/local_setup.sh
[0.945s] -- Installing: /home/aryanbhalkikar/RISC_Hack_PS/ros2_ps_ws/install/my_robot_bringup/share/my_robot_bringup/local_setup.zsh
[0.945s] -- Installing: /home/aryanbhalkikar/RISC_Hack_PS/ros2_ps_ws/install/my_robot_bringup/share/my_robot_bringup/local_setup.dsv
[0.945s] -- Installing: /home/aryanbhalkikar/RISC_Hack_PS/ros2_ps_ws/install/my_robot_bringup/share/my_robot_bringup/package.dsv
[0.946s] -- Installing: /home/aryanbhalkikar/RISC_Hack_PS/ros2_ps_ws/install/my_robot_bringup/share/ament_index/resource_index/packages/my_robot_bringup
[0.946s] -- Installing: /home/aryanbhalkikar/RISC_Hack_PS/ros2_ps_ws/install/my_robot_bringup/share/my_robot_bringup/cmake/my_robot_bringupConfig.cmake
[0.946s] -- Installing: /home/aryanbhalkikar/RISC_Hack_PS/ros2_ps_ws/install/my_robot_bringup/share/my_robot_bringup/cmake/my_robot_bringupConfig-version.cmake
[0.946s] -- Installing: /home/aryanbhalkikar/RISC_Hack_PS/ros2_ps_ws/install/my_robot_bringup/share/my_robot_bringup/package.xml
[0.946s] Invoked command in '/home/aryanbhalkikar/RISC_Hack_PS/ros2_ps_ws/build/my_robot_bringup' returned '0': DEBUGINFOD_URLS=https://debuginfod.ubuntu.com /usr/bin/cmake --install /home/aryanbhalkikar/RISC_Hack_PS/ros2_ps_ws/build/my_robot_bringup
