[0.429s] Invoking command in '/home/aryanbhalkikar/RISC_Hack_PS/ros2_ps_ws/src/my_py_pkg': DEBUGINFOD_URLS=https://debuginfod.ubuntu.com PYTHONPATH=/home/aryanbhalkikar/RISC_Hack_PS/ros2_ps_ws/build/my_py_pkg/prefix_override:/usr/lib/python3/dist-packages/colcon_core/task/python/colcon_distutils_commands:/home/aryanbhalkikar/RISC_Hack_PS/ros2_ps_ws/install/my_py_pkg/lib/python3.12/site-packages:${PYTHONPATH} /usr/bin/python3 -W ignore:setup.py install is deprecated -W ignore:easy_install command is deprecated setup.py egg_info --egg-base ../../build/my_py_pkg build --build-base /home/aryanbhalkikar/RISC_Hack_PS/ros2_ps_ws/build/my_py_pkg/build install --record /home/aryanbhalkikar/RISC_Hack_PS/ros2_ps_ws/build/my_py_pkg/install.log --single-version-externally-managed install_data
[0.580s] running egg_info
[0.589s] writing ../../build/my_py_pkg/my_py_pkg.egg-info/PKG-INFO
[0.589s] writing dependency_links to ../../build/my_py_pkg/my_py_pkg.egg-info/dependency_links.txt
[0.589s] writing entry points to ../../build/my_py_pkg/my_py_pkg.egg-info/entry_points.txt
[0.590s] writing requirements to ../../build/my_py_pkg/my_py_pkg.egg-info/requires.txt
[0.590s] writing top-level names to ../../build/my_py_pkg/my_py_pkg.egg-info/top_level.txt
[0.606s] reading manifest file '../../build/my_py_pkg/my_py_pkg.egg-info/SOURCES.txt'
[0.606s] writing manifest file '../../build/my_py_pkg/my_py_pkg.egg-info/SOURCES.txt'
[0.606s] running build
[0.607s] running build_py
[0.607s] running install
[0.611s] running install_lib
[0.620s] running install_data
[0.621s] running install_egg_info
[0.629s] removing '/home/aryanbhalkikar/RISC_Hack_PS/ros2_ps_ws/install/my_py_pkg/lib/python3.12/site-packages/my_py_pkg-0.0.0-py3.12.egg-info' (and everything under it)
[0.630s] Copying ../../build/my_py_pkg/my_py_pkg.egg-info to /home/aryanbhalkikar/RISC_Hack_PS/ros2_ps_ws/install/my_py_pkg/lib/python3.12/site-packages/my_py_pkg-0.0.0-py3.12.egg-info
[0.630s] running install_scripts
[0.693s] Installing line_follower_controller script to /home/aryanbhalkikar/RISC_Hack_PS/ros2_ps_ws/install/my_py_pkg/lib/my_py_pkg
[0.693s] writing list of installed files to '/home/aryanbhalkikar/RISC_Hack_PS/ros2_ps_ws/build/my_py_pkg/install.log'
[0.709s] Invoked command in '/home/aryanbhalkikar/RISC_Hack_PS/ros2_ps_ws/src/my_py_pkg' returned '0': DEBUGINFOD_URLS=https://debuginfod.ubuntu.com PYTHONPATH=/home/aryanbhalkikar/RISC_Hack_PS/ros2_ps_ws/build/my_py_pkg/prefix_override:/usr/lib/python3/dist-packages/colcon_core/task/python/colcon_distutils_commands:/home/aryanbhalkikar/RISC_Hack_PS/ros2_ps_ws/install/my_py_pkg/lib/python3.12/site-packages:${PYTHONPATH} /usr/bin/python3 -W ignore:setup.py install is deprecated -W ignore:easy_install command is deprecated setup.py egg_info --egg-base ../../build/my_py_pkg build --build-base /home/aryanbhalkikar/RISC_Hack_PS/ros2_ps_ws/build/my_py_pkg/build install --record /home/aryanbhalkikar/RISC_Hack_PS/ros2_ps_ws/build/my_py_pkg/install.log --single-version-externally-managed install_data
