[0.106s] Invoking command in '/home/aryanbhalkikar/RISC_Hack_PS/ros2_ps_ws/build/my_robot_bringup': DEBUGINFOD_URLS=https://debuginfod.ubuntu.com /usr/bin/cmake --build /home/aryanbhalkikar/RISC_Hack_PS/ros2_ps_ws/build/my_robot_bringup -- -j8 -l8
[0.143s] Invoked command in '/home/aryanbhalkikar/RISC_Hack_PS/ros2_ps_ws/build/my_robot_bringup' returned '0': DEBUGINFOD_URLS=https://debuginfod.ubuntu.com /usr/bin/cmake --build /home/aryanbhalkikar/RISC_Hack_PS/ros2_ps_ws/build/my_robot_bringup -- -j8 -l8
[0.148s] Invoking command in '/home/aryanbhalkikar/RISC_Hack_PS/ros2_ps_ws/build/my_robot_bringup': DEBUGINFOD_URLS=https://debuginfod.ubuntu.com /usr/bin/cmake --install /home/aryanbhalkikar/RISC_Hack_PS/ros2_ps_ws/build/my_robot_bringup
[0.157s] -- Install configuration: ""
[0.157s] -- Up-to-date: /home/aryanbhalkikar/RISC_Hack_PS/ros2_ps_ws/install/my_robot_bringup/share/my_robot_bringup//config
[0.157s] -- Up-to-date: /home/aryanbhalkikar/RISC_Hack_PS/ros2_ps_ws/install/my_robot_bringup/share/my_robot_bringup//config/gazebo_bridge.yaml
[0.158s] -- Up-to-date: /home/aryanbhalkikar/RISC_Hack_PS/ros2_ps_ws/install/my_robot_bringup/share/my_robot_bringup//worlds
[0.158s] -- Up-to-date: /home/aryanbhalkikar/RISC_Hack_PS/ros2_ps_ws/install/my_robot_bringup/share/my_robot_bringup//worlds/vision_test_world1.sdf
[0.158s] -- Up-to-date: /home/aryanbhalkikar/RISC_Hack_PS/ros2_ps_ws/install/my_robot_bringup/share/my_robot_bringup//worlds/my_world.sdf
[0.158s] -- Up-to-date: /home/aryanbhalkikar/RISC_Hack_PS/ros2_ps_ws/install/my_robot_bringup/share/ament_index/resource_index/package_run_dependencies/my_robot_bringup
[0.159s] -- Up-to-date: /home/aryanbhalkikar/RISC_Hack_PS/ros2_ps_ws/install/my_robot_bringup/share/ament_index/resource_index/parent_prefix_path/my_robot_bringup
[0.159s] -- Up-to-date: /home/aryanbhalkikar/RISC_Hack_PS/ros2_ps_ws/install/my_robot_bringup/share/my_robot_bringup/environment/ament_prefix_path.sh
[0.159s] -- Up-to-date: /home/aryanbhalkikar/RISC_Hack_PS/ros2_ps_ws/install/my_robot_bringup/share/my_robot_bringup/environment/ament_prefix_path.dsv
[0.159s] -- Up-to-date: /home/aryanbhalkikar/RISC_Hack_PS/ros2_ps_ws/install/my_robot_bringup/share/my_robot_bringup/environment/path.sh
[0.159s] -- Up-to-date: /home/aryanbhalkikar/RISC_Hack_PS/ros2_ps_ws/install/my_robot_bringup/share/my_robot_bringup/environment/path.dsv
[0.159s] -- Up-to-date: /home/aryanbhalkikar/RISC_Hack_PS/ros2_ps_ws/install/my_robot_bringup/share/my_robot_bringup/local_setup.bash
[0.160s] -- Up-to-date: /home/aryanbhalkikar/RISC_Hack_PS/ros2_ps_ws/install/my_robot_bringup/share/my_robot_bringup/local_setup.sh
[0.160s] -- Up-to-date: /home/aryanbhalkikar/RISC_Hack_PS/ros2_ps_ws/install/my_robot_bringup/share/my_robot_bringup/local_setup.zsh
[0.160s] -- Up-to-date: /home/aryanbhalkikar/RISC_Hack_PS/ros2_ps_ws/install/my_robot_bringup/share/my_robot_bringup/local_setup.dsv
[0.160s] -- Installing: /home/aryanbhalkikar/RISC_Hack_PS/ros2_ps_ws/install/my_robot_bringup/share/my_robot_bringup/package.dsv
[0.160s] -- Up-to-date: /home/aryanbhalkikar/RISC_Hack_PS/ros2_ps_ws/install/my_robot_bringup/share/ament_index/resource_index/packages/my_robot_bringup
[0.160s] -- Up-to-date: /home/aryanbhalkikar/RISC_Hack_PS/ros2_ps_ws/install/my_robot_bringup/share/my_robot_bringup/cmake/my_robot_bringupConfig.cmake
[0.160s] -- Up-to-date: /home/aryanbhalkikar/RISC_Hack_PS/ros2_ps_ws/install/my_robot_bringup/share/my_robot_bringup/cmake/my_robot_bringupConfig-version.cmake
[0.160s] -- Up-to-date: /home/aryanbhalkikar/RISC_Hack_PS/ros2_ps_ws/install/my_robot_bringup/share/my_robot_bringup/package.xml
[0.168s] Invoked command in '/home/aryanbhalkikar/RISC_Hack_PS/ros2_ps_ws/build/my_robot_bringup' returned '0': DEBUGINFOD_URLS=https://debuginfod.ubuntu.com /usr/bin/cmake --install /home/aryanbhalkikar/RISC_Hack_PS/ros2_ps_ws/build/my_robot_bringup
