[0.115s] Invoking command in '/home/aryanbhalkikar/RISC_Hack_PS/ros2_ps_ws/build/my_robot_description': CMAKE_PREFIX_PATH=${CMAKE_PREFIX_PATH}:/home/aryanbhalkikar/px4_ros2_ws/install/drone_controller:/home/aryanbhalkikar/nidar_ws/install/drone_controller:/home/aryanbhalkikar/ros2_ws2/install/my_py_pkg:/home/aryanbhalkikar/ros2_ws/install/turtle_catcher_pkg:/home/aryanbhalkikar/ros2_ws/install/my_py_pkg:/opt/ros/jazzy DEBUGINFOD_URLS=https://debuginfod.ubuntu.com /usr/bin/cmake --build /home/aryanbhalkikar/RISC_Hack_PS/ros2_ps_ws/build/my_robot_description -- -j8 -l8
[0.164s] -- Found ament_cmake: 2.5.4 (/opt/ros/jazzy/share/ament_cmake/cmake)
[0.438s] -- Configuring done (0.3s)
[0.440s] -- Generating done (0.0s)
[0.441s] -- Build files have been written to: /home/aryanbhalkikar/RISC_Hack_PS/ros2_ps_ws/build/my_robot_description
[0.463s] Invoked command in '/home/aryanbhalkikar/RISC_Hack_PS/ros2_ps_ws/build/my_robot_description' returned '0': CMAKE_PREFIX_PATH=${CMAKE_PREFIX_PATH}:/home/aryanbhalkikar/px4_ros2_ws/install/drone_controller:/home/aryanbhalkikar/nidar_ws/install/drone_controller:/home/aryanbhalkikar/ros2_ws2/install/my_py_pkg:/home/aryanbhalkikar/ros2_ws/install/turtle_catcher_pkg:/home/aryanbhalkikar/ros2_ws/install/my_py_pkg:/opt/ros/jazzy DEBUGINFOD_URLS=https://debuginfod.ubuntu.com /usr/bin/cmake --build /home/aryanbhalkikar/RISC_Hack_PS/ros2_ps_ws/build/my_robot_description -- -j8 -l8
[0.463s] Invoking command in '/home/aryanbhalkikar/RISC_Hack_PS/ros2_ps_ws/build/my_robot_description': CMAKE_PREFIX_PATH=${CMAKE_PREFIX_PATH}:/home/aryanbhalkikar/px4_ros2_ws/install/drone_controller:/home/aryanbhalkikar/nidar_ws/install/drone_controller:/home/aryanbhalkikar/ros2_ws2/install/my_py_pkg:/home/aryanbhalkikar/ros2_ws/install/turtle_catcher_pkg:/home/aryanbhalkikar/ros2_ws/install/my_py_pkg:/opt/ros/jazzy DEBUGINFOD_URLS=https://debuginfod.ubuntu.com /usr/bin/cmake --install /home/aryanbhalkikar/RISC_Hack_PS/ros2_ps_ws/build/my_robot_description
[0.474s] -- Install configuration: ""
[0.474s] -- Up-to-date: /home/aryanbhalkikar/RISC_Hack_PS/ros2_ps_ws/install/my_robot_description/share/my_robot_description//urdf
[0.474s] -- Installing: /home/aryanbhalkikar/RISC_Hack_PS/ros2_ps_ws/install/my_robot_description/share/my_robot_description//urdf/my_robot.urdf.xacro
[0.474s] -- Up-to-date: /home/aryanbhalkikar/RISC_Hack_PS/ros2_ps_ws/install/my_robot_description/share/my_robot_description//urdf/mobile_base_gazebo.urdf.xacro
[0.474s] -- Up-to-date: /home/aryanbhalkikar/RISC_Hack_PS/ros2_ps_ws/install/my_robot_description/share/my_robot_description//urdf/mobile_base.urdf.xacro
[0.474s] -- Installing: /home/aryanbhalkikar/RISC_Hack_PS/ros2_ps_ws/install/my_robot_description/share/my_robot_description//urdf/camera.urdf.xacro
[0.474s] -- Up-to-date: /home/aryanbhalkikar/RISC_Hack_PS/ros2_ps_ws/install/my_robot_description/share/my_robot_description//urdf/common_properties.urdf.xacro
[0.474s] -- Installing: /home/aryanbhalkikar/RISC_Hack_PS/ros2_ps_ws/install/my_robot_description/share/my_robot_description//launch
[0.475s] -- Up-to-date: /home/aryanbhalkikar/RISC_Hack_PS/ros2_ps_ws/install/my_robot_description/share/ament_index/resource_index/package_run_dependencies/my_robot_description
[0.475s] -- Installing: /home/aryanbhalkikar/RISC_Hack_PS/ros2_ps_ws/install/my_robot_description/share/ament_index/resource_index/parent_prefix_path/my_robot_description
[0.475s] -- Up-to-date: /home/aryanbhalkikar/RISC_Hack_PS/ros2_ps_ws/install/my_robot_description/share/my_robot_description/environment/ament_prefix_path.sh
[0.475s] -- Up-to-date: /home/aryanbhalkikar/RISC_Hack_PS/ros2_ps_ws/install/my_robot_description/share/my_robot_description/environment/ament_prefix_path.dsv
[0.475s] -- Up-to-date: /home/aryanbhalkikar/RISC_Hack_PS/ros2_ps_ws/install/my_robot_description/share/my_robot_description/environment/path.sh
[0.475s] -- Up-to-date: /home/aryanbhalkikar/RISC_Hack_PS/ros2_ps_ws/install/my_robot_description/share/my_robot_description/environment/path.dsv
[0.475s] -- Up-to-date: /home/aryanbhalkikar/RISC_Hack_PS/ros2_ps_ws/install/my_robot_description/share/my_robot_description/local_setup.bash
[0.476s] -- Up-to-date: /home/aryanbhalkikar/RISC_Hack_PS/ros2_ps_ws/install/my_robot_description/share/my_robot_description/local_setup.sh
[0.476s] -- Up-to-date: /home/aryanbhalkikar/RISC_Hack_PS/ros2_ps_ws/install/my_robot_description/share/my_robot_description/local_setup.zsh
[0.476s] -- Up-to-date: /home/aryanbhalkikar/RISC_Hack_PS/ros2_ps_ws/install/my_robot_description/share/my_robot_description/local_setup.dsv
[0.476s] -- Installing: /home/aryanbhalkikar/RISC_Hack_PS/ros2_ps_ws/install/my_robot_description/share/my_robot_description/package.dsv
[0.476s] -- Up-to-date: /home/aryanbhalkikar/RISC_Hack_PS/ros2_ps_ws/install/my_robot_description/share/ament_index/resource_index/packages/my_robot_description
[0.476s] -- Up-to-date: /home/aryanbhalkikar/RISC_Hack_PS/ros2_ps_ws/install/my_robot_description/share/my_robot_description/cmake/my_robot_descriptionConfig.cmake
[0.476s] -- Up-to-date: /home/aryanbhalkikar/RISC_Hack_PS/ros2_ps_ws/install/my_robot_description/share/my_robot_description/cmake/my_robot_descriptionConfig-version.cmake
[0.476s] -- Up-to-date: /home/aryanbhalkikar/RISC_Hack_PS/ros2_ps_ws/install/my_robot_description/share/my_robot_description/package.xml
[0.486s] Invoked command in '/home/aryanbhalkikar/RISC_Hack_PS/ros2_ps_ws/build/my_robot_description' returned '0': CMAKE_PREFIX_PATH=${CMAKE_PREFIX_PATH}:/home/aryanbhalkikar/px4_ros2_ws/install/drone_controller:/home/aryanbhalkikar/nidar_ws/install/drone_controller:/home/aryanbhalkikar/ros2_ws2/install/my_py_pkg:/home/aryanbhalkikar/ros2_ws/install/turtle_catcher_pkg:/home/aryanbhalkikar/ros2_ws/install/my_py_pkg:/opt/ros/jazzy DEBUGINFOD_URLS=https://debuginfod.ubuntu.com /usr/bin/cmake --install /home/aryanbhalkikar/RISC_Hack_PS/ros2_ps_ws/build/my_robot_description
