[0.142s] Invoking command in '/home/aryanbhalkikar/RISC_Hack_PS/ros2_ps_ws/build/my_robot_description': DEBUGINFOD_URLS=https://debuginfod.ubuntu.com /usr/bin/cmake /home/aryanbhalkikar/RISC_Hack_PS/ros2_ps_ws/src/my_robot_description -DCMAKE_INSTALL_PREFIX=/home/aryanbhalkikar/RISC_Hack_PS/ros2_ps_ws/install/my_robot_description
[0.229s] -- The C compiler identification is GNU 13.3.0
[0.298s] -- The CXX compiler identification is GNU 13.3.0
[0.317s] -- Detecting C compiler ABI info
[0.382s] -- Detecting C compiler ABI info - done
[0.399s] -- Check for working C compiler: /usr/bin/cc - skipped
[0.400s] -- Detecting C compile features
[0.400s] -- Detecting C compile features - done
[0.412s] -- Detecting CXX compiler ABI info
[0.502s] -- Detecting CXX compiler ABI info - done
[0.519s] -- Check for working CXX compiler: /usr/bin/c++ - skipped
[0.519s] -- Detecting CXX compile features
[0.520s] -- Detecting CXX compile features - done
[0.540s] -- Found ament_cmake: 2.5.4 (/opt/ros/jazzy/share/ament_cmake/cmake)
[0.704s] -- Found Python3: /usr/bin/python3 (found version "3.12.3") found components: Interpreter 
[0.785s] -- Found ament_lint_auto: 0.17.2 (/opt/ros/jazzy/share/ament_lint_auto/cmake)
[0.870s] -- Added test 'lint_cmake' to check CMake code style
[0.871s] -- Added test 'xmllint' to check XML markup files
[0.872s] -- Configuring done (0.7s)
[0.874s] -- Generating done (0.0s)
[0.875s] -- Build files have been written to: /home/aryanbhalkikar/RISC_Hack_PS/ros2_ps_ws/build/my_robot_description
[0.879s] Invoked command in '/home/aryanbhalkikar/RISC_Hack_PS/ros2_ps_ws/build/my_robot_description' returned '0': DEBUGINFOD_URLS=https://debuginfod.ubuntu.com /usr/bin/cmake /home/aryanbhalkikar/RISC_Hack_PS/ros2_ps_ws/src/my_robot_description -DCMAKE_INSTALL_PREFIX=/home/aryanbhalkikar/RISC_Hack_PS/ros2_ps_ws/install/my_robot_description
[0.879s] Invoking command in '/home/aryanbhalkikar/RISC_Hack_PS/ros2_ps_ws/build/my_robot_description': DEBUGINFOD_URLS=https://debuginfod.ubuntu.com /usr/bin/cmake --build /home/aryanbhalkikar/RISC_Hack_PS/ros2_ps_ws/build/my_robot_description -- -j8 -l8
[0.913s] Invoked command in '/home/aryanbhalkikar/RISC_Hack_PS/ros2_ps_ws/build/my_robot_description' returned '0': DEBUGINFOD_URLS=https://debuginfod.ubuntu.com /usr/bin/cmake --build /home/aryanbhalkikar/RISC_Hack_PS/ros2_ps_ws/build/my_robot_description -- -j8 -l8
[0.919s] Invoking command in '/home/aryanbhalkikar/RISC_Hack_PS/ros2_ps_ws/build/my_robot_description': DEBUGINFOD_URLS=https://debuginfod.ubuntu.com /usr/bin/cmake --install /home/aryanbhalkikar/RISC_Hack_PS/ros2_ps_ws/build/my_robot_description
[0.923s] -- Install configuration: ""
[0.923s] -- Installing: /home/aryanbhalkikar/RISC_Hack_PS/ros2_ps_ws/install/my_robot_description/share/ament_index/resource_index/package_run_dependencies/my_robot_description
[0.923s] -- Installing: /home/aryanbhalkikar/RISC_Hack_PS/ros2_ps_ws/install/my_robot_description/share/ament_index/resource_index/parent_prefix_path/my_robot_description
[0.923s] -- Installing: /home/aryanbhalkikar/RISC_Hack_PS/ros2_ps_ws/install/my_robot_description/share/my_robot_description/environment/ament_prefix_path.sh
[0.923s] -- Installing: /home/aryanbhalkikar/RISC_Hack_PS/ros2_ps_ws/install/my_robot_description/share/my_robot_description/environment/ament_prefix_path.dsv
[0.923s] -- Installing: /home/aryanbhalkikar/RISC_Hack_PS/ros2_ps_ws/install/my_robot_description/share/my_robot_description/environment/path.sh
[0.923s] -- Installing: /home/aryanbhalkikar/RISC_Hack_PS/ros2_ps_ws/install/my_robot_description/share/my_robot_description/environment/path.dsv
[0.923s] -- Installing: /home/aryanbhalkikar/RISC_Hack_PS/ros2_ps_ws/install/my_robot_description/share/my_robot_description/local_setup.bash
[0.923s] -- Installing: /home/aryanbhalkikar/RISC_Hack_PS/ros2_ps_ws/install/my_robot_description/share/my_robot_description/local_setup.sh
[0.923s] -- Installing: /home/aryanbhalkikar/RISC_Hack_PS/ros2_ps_ws/install/my_robot_description/share/my_robot_description/local_setup.zsh
[0.923s] -- Installing: /home/aryanbhalkikar/RISC_Hack_PS/ros2_ps_ws/install/my_robot_description/share/my_robot_description/local_setup.dsv
[0.923s] -- Installing: /home/aryanbhalkikar/RISC_Hack_PS/ros2_ps_ws/install/my_robot_description/share/my_robot_description/package.dsv
[0.923s] -- Installing: /home/aryanbhalkikar/RISC_Hack_PS/ros2_ps_ws/install/my_robot_description/share/ament_index/resource_index/packages/my_robot_description
[0.923s] -- Installing: /home/aryanbhalkikar/RISC_Hack_PS/ros2_ps_ws/install/my_robot_description/share/my_robot_description/cmake/my_robot_descriptionConfig.cmake
[0.924s] -- Installing: /home/aryanbhalkikar/RISC_Hack_PS/ros2_ps_ws/install/my_robot_description/share/my_robot_description/cmake/my_robot_descriptionConfig-version.cmake
[0.924s] -- Installing: /home/aryanbhalkikar/RISC_Hack_PS/ros2_ps_ws/install/my_robot_description/share/my_robot_description/package.xml
[0.924s] Invoked command in '/home/aryanbhalkikar/RISC_Hack_PS/ros2_ps_ws/build/my_robot_description' returned '0': DEBUGINFOD_URLS=https://debuginfod.ubuntu.com /usr/bin/cmake --install /home/aryanbhalkikar/RISC_Hack_PS/ros2_ps_ws/build/my_robot_description
