[0.112s] DEBUG:colcon:Command line arguments: ['/usr/bin/colcon', 'build']
[0.112s] DEBUG:colcon:Parsed command line arguments: Namespace(log_base=None, log_level=None, verb_name='build', build_base='build', install_base='install', merge_install=False, symlink_install=False, test_result_base=None, continue_on_error=False, executor='parallel', parallel_workers=8, event_handlers=None, ignore_user_meta=False, metas=['./colcon.meta'], base_paths=['.'], packages_ignore=None, packages_ignore_regex=None, paths=None, packages_up_to=None, packages_up_to_regex=None, packages_above=None, packages_above_and_dependencies=None, packages_above_depth=None, packages_select_by_dep=None, packages_skip_by_dep=None, packages_skip_up_to=None, packages_select_build_failed=False, packages_skip_build_finished=False, packages_select_test_failures=False, packages_skip_test_passed=False, packages_select=None, packages_skip=None, packages_select_regex=None, packages_skip_regex=None, packages_start=None, packages_end=None, allow_overriding=[], cmake_args=None, cmake_target=None, cmake_target_skip_unavailable=False, cmake_clean_cache=False, cmake_clean_first=False, cmake_force_configure=False, ament_cmake_args=None, catkin_cmake_args=None, catkin_skip_building_tests=False, mixin_files=None, mixin=None, verb_parser=<colcon_mixin.mixin.mixin_argument.MixinArgumentDecorator object at 0xffff9fcc38f0>, verb_extension=<colcon_core.verb.build.BuildVerb object at 0xffff9fc62d50>, main=<bound method BuildVerb.main of <colcon_core.verb.build.BuildVerb object at 0xffff9fc62d50>>, mixin_verb=('build',))
[0.140s] Level 1:colcon.colcon_core.package_discovery:discover_packages(colcon_meta) check parameters
[0.140s] Level 1:colcon.colcon_core.package_discovery:discover_packages(recursive) check parameters
[0.140s] Level 1:colcon.colcon_core.package_discovery:discover_packages(ignore) check parameters
[0.140s] Level 1:colcon.colcon_core.package_discovery:discover_packages(path) check parameters
[0.140s] Level 1:colcon.colcon_core.package_discovery:discover_packages(colcon_meta) discover
[0.140s] Level 1:colcon.colcon_core.package_discovery:discover_packages(recursive) discover
[0.140s] INFO:colcon.colcon_core.package_discovery:Crawling recursively for packages in '/home/aryanbhalkikar/RISC_Hack_PS/ros2_ps_ws'
[0.141s] Level 1:colcon.colcon_core.package_identification:_identify(.) by extensions ['ignore', 'ignore_ament_install']
[0.141s] Level 1:colcon.colcon_core.package_identification:_identify(.) by extension 'ignore'
[0.141s] Level 1:colcon.colcon_core.package_identification:_identify(.) by extension 'ignore_ament_install'
[0.141s] Level 1:colcon.colcon_core.package_identification:_identify(.) by extensions ['colcon_pkg']
[0.141s] Level 1:colcon.colcon_core.package_identification:_identify(.) by extension 'colcon_pkg'
[0.141s] Level 1:colcon.colcon_core.package_identification:_identify(.) by extensions ['colcon_meta']
[0.141s] Level 1:colcon.colcon_core.package_identification:_identify(.) by extension 'colcon_meta'
[0.141s] Level 1:colcon.colcon_core.package_identification:_identify(.) by extensions ['ros']
[0.141s] Level 1:colcon.colcon_core.package_identification:_identify(.) by extension 'ros'
[0.158s] Level 1:colcon.colcon_core.package_identification:_identify(.) by extensions ['cmake', 'python']
[0.158s] Level 1:colcon.colcon_core.package_identification:_identify(.) by extension 'cmake'
[0.158s] Level 1:colcon.colcon_core.package_identification:_identify(.) by extension 'python'
[0.158s] Level 1:colcon.colcon_core.package_identification:_identify(.) by extensions ['python_setup_py']
[0.158s] Level 1:colcon.colcon_core.package_identification:_identify(.) by extension 'python_setup_py'
[0.158s] Level 1:colcon.colcon_core.package_identification:_identify(build) by extensions ['ignore', 'ignore_ament_install']
[0.158s] Level 1:colcon.colcon_core.package_identification:_identify(build) by extension 'ignore'
[0.158s] Level 1:colcon.colcon_core.package_identification:_identify(build) ignored
[0.159s] Level 1:colcon.colcon_core.package_identification:_identify(install) by extensions ['ignore', 'ignore_ament_install']
[0.159s] Level 1:colcon.colcon_core.package_identification:_identify(install) by extension 'ignore'
[0.159s] Level 1:colcon.colcon_core.package_identification:_identify(install) ignored
[0.159s] Level 1:colcon.colcon_core.package_identification:_identify(log) by extensions ['ignore', 'ignore_ament_install']
[0.159s] Level 1:colcon.colcon_core.package_identification:_identify(log) by extension 'ignore'
[0.159s] Level 1:colcon.colcon_core.package_identification:_identify(log) ignored
[0.159s] Level 1:colcon.colcon_core.package_identification:_identify(src) by extensions ['ignore', 'ignore_ament_install']
[0.159s] Level 1:colcon.colcon_core.package_identification:_identify(src) by extension 'ignore'
[0.159s] Level 1:colcon.colcon_core.package_identification:_identify(src) by extension 'ignore_ament_install'
[0.159s] Level 1:colcon.colcon_core.package_identification:_identify(src) by extensions ['colcon_pkg']
[0.159s] Level 1:colcon.colcon_core.package_identification:_identify(src) by extension 'colcon_pkg'
[0.159s] Level 1:colcon.colcon_core.package_identification:_identify(src) by extensions ['colcon_meta']
[0.159s] Level 1:colcon.colcon_core.package_identification:_identify(src) by extension 'colcon_meta'
[0.159s] Level 1:colcon.colcon_core.package_identification:_identify(src) by extensions ['ros']
[0.159s] Level 1:colcon.colcon_core.package_identification:_identify(src) by extension 'ros'
[0.159s] Level 1:colcon.colcon_core.package_identification:_identify(src) by extensions ['cmake', 'python']
[0.159s] Level 1:colcon.colcon_core.package_identification:_identify(src) by extension 'cmake'
[0.159s] Level 1:colcon.colcon_core.package_identification:_identify(src) by extension 'python'
[0.159s] Level 1:colcon.colcon_core.package_identification:_identify(src) by extensions ['python_setup_py']
[0.159s] Level 1:colcon.colcon_core.package_identification:_identify(src) by extension 'python_setup_py'
[0.159s] Level 1:colcon.colcon_core.package_identification:_identify(src/my_py_pkg) by extensions ['ignore', 'ignore_ament_install']
[0.159s] Level 1:colcon.colcon_core.package_identification:_identify(src/my_py_pkg) by extension 'ignore'
[0.159s] Level 1:colcon.colcon_core.package_identification:_identify(src/my_py_pkg) by extension 'ignore_ament_install'
[0.159s] Level 1:colcon.colcon_core.package_identification:_identify(src/my_py_pkg) by extensions ['colcon_pkg']
[0.159s] Level 1:colcon.colcon_core.package_identification:_identify(src/my_py_pkg) by extension 'colcon_pkg'
[0.159s] Level 1:colcon.colcon_core.package_identification:_identify(src/my_py_pkg) by extensions ['colcon_meta']
[0.159s] Level 1:colcon.colcon_core.package_identification:_identify(src/my_py_pkg) by extension 'colcon_meta'
[0.159s] Level 1:colcon.colcon_core.package_identification:_identify(src/my_py_pkg) by extensions ['ros']
[0.159s] Level 1:colcon.colcon_core.package_identification:_identify(src/my_py_pkg) by extension 'ros'
[0.161s] DEBUG:colcon.colcon_core.package_identification:Package 'src/my_py_pkg' with type 'ros.ament_python' and name 'my_py_pkg'
[0.161s] Level 1:colcon.colcon_core.package_identification:_identify(src/my_robot_bringup) by extensions ['ignore', 'ignore_ament_install']
[0.161s] Level 1:colcon.colcon_core.package_identification:_identify(src/my_robot_bringup) by extension 'ignore'
[0.161s] Level 1:colcon.colcon_core.package_identification:_identify(src/my_robot_bringup) by extension 'ignore_ament_install'
[0.161s] Level 1:colcon.colcon_core.package_identification:_identify(src/my_robot_bringup) by extensions ['colcon_pkg']
[0.161s] Level 1:colcon.colcon_core.package_identification:_identify(src/my_robot_bringup) by extension 'colcon_pkg'
[0.161s] Level 1:colcon.colcon_core.package_identification:_identify(src/my_robot_bringup) by extensions ['colcon_meta']
[0.161s] Level 1:colcon.colcon_core.package_identification:_identify(src/my_robot_bringup) by extension 'colcon_meta'
[0.161s] Level 1:colcon.colcon_core.package_identification:_identify(src/my_robot_bringup) by extensions ['ros']
[0.161s] Level 1:colcon.colcon_core.package_identification:_identify(src/my_robot_bringup) by extension 'ros'
[0.161s] DEBUG:colcon.colcon_core.package_identification:Package 'src/my_robot_bringup' with type 'ros.ament_cmake' and name 'my_robot_bringup'
[0.161s] Level 1:colcon.colcon_core.package_identification:_identify(src/my_robot_description) by extensions ['ignore', 'ignore_ament_install']
[0.162s] Level 1:colcon.colcon_core.package_identification:_identify(src/my_robot_description) by extension 'ignore'
[0.162s] Level 1:colcon.colcon_core.package_identification:_identify(src/my_robot_description) by extension 'ignore_ament_install'
[0.162s] Level 1:colcon.colcon_core.package_identification:_identify(src/my_robot_description) by extensions ['colcon_pkg']
[0.162s] Level 1:colcon.colcon_core.package_identification:_identify(src/my_robot_description) by extension 'colcon_pkg'
[0.162s] Level 1:colcon.colcon_core.package_identification:_identify(src/my_robot_description) by extensions ['colcon_meta']
[0.162s] Level 1:colcon.colcon_core.package_identification:_identify(src/my_robot_description) by extension 'colcon_meta'
[0.162s] Level 1:colcon.colcon_core.package_identification:_identify(src/my_robot_description) by extensions ['ros']
[0.162s] Level 1:colcon.colcon_core.package_identification:_identify(src/my_robot_description) by extension 'ros'
[0.162s] DEBUG:colcon.colcon_core.package_identification:Package 'src/my_robot_description' with type 'ros.ament_cmake' and name 'my_robot_description'
[0.162s] Level 1:colcon.colcon_core.package_discovery:discover_packages(recursive) using defaults
[0.162s] Level 1:colcon.colcon_core.package_discovery:discover_packages(ignore) discover
[0.162s] Level 1:colcon.colcon_core.package_discovery:discover_packages(ignore) using defaults
[0.162s] Level 1:colcon.colcon_core.package_discovery:discover_packages(path) discover
[0.162s] Level 1:colcon.colcon_core.package_discovery:discover_packages(path) using defaults
[0.176s] Level 1:colcon.colcon_core.package_discovery:discover_packages(prefix_path) check parameters
[0.177s] Level 1:colcon.colcon_core.package_discovery:discover_packages(prefix_path) discover
[0.181s] DEBUG:colcon.colcon_installed_package_information.package_discovery:Found 3 installed packages in /home/aryanbhalkikar/RISC_Hack_PS/ros2_ps_ws/install
[0.182s] DEBUG:colcon.colcon_installed_package_information.package_discovery:Found 5 installed packages in /home/aryanbhalkikar/nidar_ws/install
[0.182s] DEBUG:colcon.colcon_installed_package_information.package_discovery:Found 4 installed packages in /home/aryanbhalkikar/px4_ros2_ws/install
[0.183s] DEBUG:colcon.colcon_installed_package_information.package_discovery:Found 3 installed packages in /home/aryanbhalkikar/ros2_ws2/install
[0.183s] DEBUG:colcon.colcon_installed_package_information.package_discovery:Found 5 installed packages in /home/aryanbhalkikar/ros2_ws/install
[0.185s] DEBUG:colcon.colcon_installed_package_information.package_discovery:Found 368 installed packages in /opt/ros/jazzy
[0.186s] Level 1:colcon.colcon_core.package_discovery:discover_packages(prefix_path) using defaults
[0.253s] Level 5:colcon.colcon_core.verb:set package 'my_py_pkg' build argument 'cmake_args' from command line to 'None'
[0.253s] Level 5:colcon.colcon_core.verb:set package 'my_py_pkg' build argument 'cmake_target' from command line to 'None'
[0.253s] Level 5:colcon.colcon_core.verb:set package 'my_py_pkg' build argument 'cmake_target_skip_unavailable' from command line to 'False'
[0.253s] Level 5:colcon.colcon_core.verb:set package 'my_py_pkg' build argument 'cmake_clean_cache' from command line to 'False'
[0.253s] Level 5:colcon.colcon_core.verb:set package 'my_py_pkg' build argument 'cmake_clean_first' from command line to 'False'
[0.253s] Level 5:colcon.colcon_core.verb:set package 'my_py_pkg' build argument 'cmake_force_configure' from command line to 'False'
[0.253s] Level 5:colcon.colcon_core.verb:set package 'my_py_pkg' build argument 'ament_cmake_args' from command line to 'None'
[0.253s] Level 5:colcon.colcon_core.verb:set package 'my_py_pkg' build argument 'catkin_cmake_args' from command line to 'None'
[0.253s] Level 5:colcon.colcon_core.verb:set package 'my_py_pkg' build argument 'catkin_skip_building_tests' from command line to 'False'
[0.253s] DEBUG:colcon.colcon_core.verb:Building package 'my_py_pkg' with the following arguments: {'ament_cmake_args': None, 'build_base': '/home/aryanbhalkikar/RISC_Hack_PS/ros2_ps_ws/build/my_py_pkg', 'catkin_cmake_args': None, 'catkin_skip_building_tests': False, 'cmake_args': None, 'cmake_clean_cache': False, 'cmake_clean_first': False, 'cmake_force_configure': False, 'cmake_target': None, 'cmake_target_skip_unavailable': False, 'install_base': '/home/aryanbhalkikar/RISC_Hack_PS/ros2_ps_ws/install/my_py_pkg', 'merge_install': False, 'path': '/home/aryanbhalkikar/RISC_Hack_PS/ros2_ps_ws/src/my_py_pkg', 'symlink_install': False, 'test_result_base': None}
[0.253s] Level 5:colcon.colcon_core.verb:set package 'my_robot_bringup' build argument 'cmake_args' from command line to 'None'
[0.253s] Level 5:colcon.colcon_core.verb:set package 'my_robot_bringup' build argument 'cmake_target' from command line to 'None'
[0.253s] Level 5:colcon.colcon_core.verb:set package 'my_robot_bringup' build argument 'cmake_target_skip_unavailable' from command line to 'False'
[0.253s] Level 5:colcon.colcon_core.verb:set package 'my_robot_bringup' build argument 'cmake_clean_cache' from command line to 'False'
[0.253s] Level 5:colcon.colcon_core.verb:set package 'my_robot_bringup' build argument 'cmake_clean_first' from command line to 'False'
[0.253s] Level 5:colcon.colcon_core.verb:set package 'my_robot_bringup' build argument 'cmake_force_configure' from command line to 'False'
[0.253s] Level 5:colcon.colcon_core.verb:set package 'my_robot_bringup' build argument 'ament_cmake_args' from command line to 'None'
[0.253s] Level 5:colcon.colcon_core.verb:set package 'my_robot_bringup' build argument 'catkin_cmake_args' from command line to 'None'
[0.253s] Level 5:colcon.colcon_core.verb:set package 'my_robot_bringup' build argument 'catkin_skip_building_tests' from command line to 'False'
[0.253s] DEBUG:colcon.colcon_core.verb:Building package 'my_robot_bringup' with the following arguments: {'ament_cmake_args': None, 'build_base': '/home/aryanbhalkikar/RISC_Hack_PS/ros2_ps_ws/build/my_robot_bringup', 'catkin_cmake_args': None, 'catkin_skip_building_tests': False, 'cmake_args': None, 'cmake_clean_cache': False, 'cmake_clean_first': False, 'cmake_force_configure': False, 'cmake_target': None, 'cmake_target_skip_unavailable': False, 'install_base': '/home/aryanbhalkikar/RISC_Hack_PS/ros2_ps_ws/install/my_robot_bringup', 'merge_install': False, 'path': '/home/aryanbhalkikar/RISC_Hack_PS/ros2_ps_ws/src/my_robot_bringup', 'symlink_install': False, 'test_result_base': None}
[0.253s] Level 5:colcon.colcon_core.verb:set package 'my_robot_description' build argument 'cmake_args' from command line to 'None'
[0.253s] Level 5:colcon.colcon_core.verb:set package 'my_robot_description' build argument 'cmake_target' from command line to 'None'
[0.253s] Level 5:colcon.colcon_core.verb:set package 'my_robot_description' build argument 'cmake_target_skip_unavailable' from command line to 'False'
[0.253s] Level 5:colcon.colcon_core.verb:set package 'my_robot_description' build argument 'cmake_clean_cache' from command line to 'False'
[0.253s] Level 5:colcon.colcon_core.verb:set package 'my_robot_description' build argument 'cmake_clean_first' from command line to 'False'
[0.253s] Level 5:colcon.colcon_core.verb:set package 'my_robot_description' build argument 'cmake_force_configure' from command line to 'False'
[0.253s] Level 5:colcon.colcon_core.verb:set package 'my_robot_description' build argument 'ament_cmake_args' from command line to 'None'
[0.253s] Level 5:colcon.colcon_core.verb:set package 'my_robot_description' build argument 'catkin_cmake_args' from command line to 'None'
[0.253s] Level 5:colcon.colcon_core.verb:set package 'my_robot_description' build argument 'catkin_skip_building_tests' from command line to 'False'
[0.253s] DEBUG:colcon.colcon_core.verb:Building package 'my_robot_description' with the following arguments: {'ament_cmake_args': None, 'build_base': '/home/aryanbhalkikar/RISC_Hack_PS/ros2_ps_ws/build/my_robot_description', 'catkin_cmake_args': None, 'catkin_skip_building_tests': False, 'cmake_args': None, 'cmake_clean_cache': False, 'cmake_clean_first': False, 'cmake_force_configure': False, 'cmake_target': None, 'cmake_target_skip_unavailable': False, 'install_base': '/home/aryanbhalkikar/RISC_Hack_PS/ros2_ps_ws/install/my_robot_description', 'merge_install': False, 'path': '/home/aryanbhalkikar/RISC_Hack_PS/ros2_ps_ws/src/my_robot_description', 'symlink_install': False, 'test_result_base': None}
[0.253s] INFO:colcon.colcon_core.executor:Executing jobs using 'parallel' executor
[0.254s] DEBUG:colcon.colcon_parallel_executor.executor.parallel:run_until_complete
[0.254s] INFO:colcon.colcon_ros.task.ament_python.build:Building ROS package in '/home/aryanbhalkikar/RISC_Hack_PS/ros2_ps_ws/src/my_py_pkg' with build type 'ament_python'
[0.254s] Level 1:colcon.colcon_core.shell:create_environment_hook('my_py_pkg', 'ament_prefix_path')
[0.257s] INFO:colcon.colcon_core.plugin_system:Skipping extension 'colcon_core.shell.bat': Not used on non-Windows systems
[0.257s] INFO:colcon.colcon_core.shell:Creating environment hook '/home/aryanbhalkikar/RISC_Hack_PS/ros2_ps_ws/install/my_py_pkg/share/my_py_pkg/hook/ament_prefix_path.ps1'
[0.258s] INFO:colcon.colcon_core.shell:Creating environment descriptor '/home/aryanbhalkikar/RISC_Hack_PS/ros2_ps_ws/install/my_py_pkg/share/my_py_pkg/hook/ament_prefix_path.dsv'
[0.258s] INFO:colcon.colcon_core.shell:Creating environment hook '/home/aryanbhalkikar/RISC_Hack_PS/ros2_ps_ws/install/my_py_pkg/share/my_py_pkg/hook/ament_prefix_path.sh'
[0.259s] INFO:colcon.colcon_core.shell:Skip shell extension 'powershell' for command environment: Not usable outside of PowerShell
[0.259s] DEBUG:colcon.colcon_core.shell:Skip shell extension 'dsv' for command environment
[0.263s] INFO:colcon.colcon_ros.task.ament_cmake.build:Building ROS package in '/home/aryanbhalkikar/RISC_Hack_PS/ros2_ps_ws/src/my_robot_bringup' with build type 'ament_cmake'
[0.263s] INFO:colcon.colcon_cmake.task.cmake.build:Building CMake package in '/home/aryanbhalkikar/RISC_Hack_PS/ros2_ps_ws/src/my_robot_bringup'
[0.263s] INFO:colcon.colcon_core.shell:Skip shell extension 'powershell' for command environment: Not usable outside of PowerShell
[0.263s] DEBUG:colcon.colcon_core.shell:Skip shell extension 'dsv' for command environment
[0.266s] INFO:colcon.colcon_ros.task.ament_cmake.build:Building ROS package in '/home/aryanbhalkikar/RISC_Hack_PS/ros2_ps_ws/src/my_robot_description' with build type 'ament_cmake'
[0.266s] INFO:colcon.colcon_cmake.task.cmake.build:Building CMake package in '/home/aryanbhalkikar/RISC_Hack_PS/ros2_ps_ws/src/my_robot_description'
[0.266s] INFO:colcon.colcon_core.shell:Skip shell extension 'powershell' for command environment: Not usable outside of PowerShell
[0.266s] DEBUG:colcon.colcon_core.shell:Skip shell extension 'dsv' for command environment
[0.378s] INFO:colcon.colcon_core.task.python.build:Building Python package in '/home/aryanbhalkikar/RISC_Hack_PS/ros2_ps_ws/src/my_py_pkg'
[0.378s] INFO:colcon.colcon_core.shell:Skip shell extension 'powershell' for command environment: Not usable outside of PowerShell
[0.378s] DEBUG:colcon.colcon_core.shell:Skip shell extension 'dsv' for command environment
[0.384s] DEBUG:colcon.colcon_core.event_handler.log_command:Invoking command in '/home/aryanbhalkikar/RISC_Hack_PS/ros2_ps_ws/build/my_robot_bringup': CMAKE_PREFIX_PATH=${CMAKE_PREFIX_PATH}:/home/aryanbhalkikar/RISC_Hack_PS/ros2_ps_ws/install/my_py_pkg:/home/aryanbhalkikar/px4_ros2_ws/install/drone_controller:/home/aryanbhalkikar/nidar_ws/install/drone_controller:/home/aryanbhalkikar/ros2_ws2/install/my_py_pkg:/home/aryanbhalkikar/ros2_ws/install/turtle_catcher_pkg:/home/aryanbhalkikar/ros2_ws/install/my_py_pkg:/opt/ros/jazzy DEBUGINFOD_URLS=https://debuginfod.ubuntu.com /usr/bin/cmake --build /home/aryanbhalkikar/RISC_Hack_PS/ros2_ps_ws/build/my_robot_bringup -- -j8 -l8
[0.387s] DEBUG:colcon.colcon_core.event_handler.log_command:Invoking command in '/home/aryanbhalkikar/RISC_Hack_PS/ros2_ps_ws/build/my_robot_description': CMAKE_PREFIX_PATH=${CMAKE_PREFIX_PATH}:/home/aryanbhalkikar/RISC_Hack_PS/ros2_ps_ws/install/my_py_pkg:/home/aryanbhalkikar/px4_ros2_ws/install/drone_controller:/home/aryanbhalkikar/nidar_ws/install/drone_controller:/home/aryanbhalkikar/ros2_ws2/install/my_py_pkg:/home/aryanbhalkikar/ros2_ws/install/turtle_catcher_pkg:/home/aryanbhalkikar/ros2_ws/install/my_py_pkg:/opt/ros/jazzy DEBUGINFOD_URLS=https://debuginfod.ubuntu.com /usr/bin/cmake --build /home/aryanbhalkikar/RISC_Hack_PS/ros2_ps_ws/build/my_robot_description -- -j8 -l8
[0.442s] DEBUG:colcon.colcon_core.event_handler.log_command:Invoked command in '/home/aryanbhalkikar/RISC_Hack_PS/ros2_ps_ws/build/my_robot_description' returned '0': CMAKE_PREFIX_PATH=${CMAKE_PREFIX_PATH}:/home/aryanbhalkikar/RISC_Hack_PS/ros2_ps_ws/install/my_py_pkg:/home/aryanbhalkikar/px4_ros2_ws/install/drone_controller:/home/aryanbhalkikar/nidar_ws/install/drone_controller:/home/aryanbhalkikar/ros2_ws2/install/my_py_pkg:/home/aryanbhalkikar/ros2_ws/install/turtle_catcher_pkg:/home/aryanbhalkikar/ros2_ws/install/my_py_pkg:/opt/ros/jazzy DEBUGINFOD_URLS=https://debuginfod.ubuntu.com /usr/bin/cmake --build /home/aryanbhalkikar/RISC_Hack_PS/ros2_ps_ws/build/my_robot_description -- -j8 -l8
[0.453s] DEBUG:colcon.colcon_core.event_handler.log_command:Invoking command in '/home/aryanbhalkikar/RISC_Hack_PS/ros2_ps_ws/build/my_robot_description': CMAKE_PREFIX_PATH=${CMAKE_PREFIX_PATH}:/home/aryanbhalkikar/RISC_Hack_PS/ros2_ps_ws/install/my_py_pkg:/home/aryanbhalkikar/px4_ros2_ws/install/drone_controller:/home/aryanbhalkikar/nidar_ws/install/drone_controller:/home/aryanbhalkikar/ros2_ws2/install/my_py_pkg:/home/aryanbhalkikar/ros2_ws/install/turtle_catcher_pkg:/home/aryanbhalkikar/ros2_ws/install/my_py_pkg:/opt/ros/jazzy DEBUGINFOD_URLS=https://debuginfod.ubuntu.com /usr/bin/cmake --install /home/aryanbhalkikar/RISC_Hack_PS/ros2_ps_ws/build/my_robot_description
[0.454s] DEBUG:colcon.colcon_core.event_handler.log_command:Invoked command in '/home/aryanbhalkikar/RISC_Hack_PS/ros2_ps_ws/build/my_robot_bringup' returned '0': CMAKE_PREFIX_PATH=${CMAKE_PREFIX_PATH}:/home/aryanbhalkikar/RISC_Hack_PS/ros2_ps_ws/install/my_py_pkg:/home/aryanbhalkikar/px4_ros2_ws/install/drone_controller:/home/aryanbhalkikar/nidar_ws/install/drone_controller:/home/aryanbhalkikar/ros2_ws2/install/my_py_pkg:/home/aryanbhalkikar/ros2_ws/install/turtle_catcher_pkg:/home/aryanbhalkikar/ros2_ws/install/my_py_pkg:/opt/ros/jazzy DEBUGINFOD_URLS=https://debuginfod.ubuntu.com /usr/bin/cmake --build /home/aryanbhalkikar/RISC_Hack_PS/ros2_ps_ws/build/my_robot_bringup -- -j8 -l8
[0.455s] DEBUG:colcon.colcon_core.event_handler.log_command:Invoking command in '/home/aryanbhalkikar/RISC_Hack_PS/ros2_ps_ws/build/my_robot_bringup': CMAKE_PREFIX_PATH=${CMAKE_PREFIX_PATH}:/home/aryanbhalkikar/RISC_Hack_PS/ros2_ps_ws/install/my_py_pkg:/home/aryanbhalkikar/px4_ros2_ws/install/drone_controller:/home/aryanbhalkikar/nidar_ws/install/drone_controller:/home/aryanbhalkikar/ros2_ws2/install/my_py_pkg:/home/aryanbhalkikar/ros2_ws/install/turtle_catcher_pkg:/home/aryanbhalkikar/ros2_ws/install/my_py_pkg:/opt/ros/jazzy DEBUGINFOD_URLS=https://debuginfod.ubuntu.com /usr/bin/cmake --install /home/aryanbhalkikar/RISC_Hack_PS/ros2_ps_ws/build/my_robot_bringup
[0.464s] Level 1:colcon.colcon_core.environment:create_environment_scripts_only(my_robot_bringup)
[0.466s] DEBUG:colcon.colcon_core.event_handler.log_command:Invoked command in '/home/aryanbhalkikar/RISC_Hack_PS/ros2_ps_ws/build/my_robot_bringup' returned '0': CMAKE_PREFIX_PATH=${CMAKE_PREFIX_PATH}:/home/aryanbhalkikar/RISC_Hack_PS/ros2_ps_ws/install/my_py_pkg:/home/aryanbhalkikar/px4_ros2_ws/install/drone_controller:/home/aryanbhalkikar/nidar_ws/install/drone_controller:/home/aryanbhalkikar/ros2_ws2/install/my_py_pkg:/home/aryanbhalkikar/ros2_ws/install/turtle_catcher_pkg:/home/aryanbhalkikar/ros2_ws/install/my_py_pkg:/opt/ros/jazzy DEBUGINFOD_URLS=https://debuginfod.ubuntu.com /usr/bin/cmake --install /home/aryanbhalkikar/RISC_Hack_PS/ros2_ps_ws/build/my_robot_bringup
[0.469s] Level 1:colcon.colcon_core.environment:checking '/home/aryanbhalkikar/RISC_Hack_PS/ros2_ps_ws/install/my_robot_bringup' for CMake module files
[0.469s] Level 1:colcon.colcon_core.environment:checking '/home/aryanbhalkikar/RISC_Hack_PS/ros2_ps_ws/install/my_robot_bringup' for CMake config files
[0.470s] Level 1:colcon.colcon_core.shell:create_environment_hook('my_robot_bringup', 'cmake_prefix_path')
[0.470s] INFO:colcon.colcon_core.shell:Creating environment hook '/home/aryanbhalkikar/RISC_Hack_PS/ros2_ps_ws/install/my_robot_bringup/share/my_robot_bringup/hook/cmake_prefix_path.ps1'
[0.470s] INFO:colcon.colcon_core.shell:Creating environment descriptor '/home/aryanbhalkikar/RISC_Hack_PS/ros2_ps_ws/install/my_robot_bringup/share/my_robot_bringup/hook/cmake_prefix_path.dsv'
[0.470s] INFO:colcon.colcon_core.shell:Creating environment hook '/home/aryanbhalkikar/RISC_Hack_PS/ros2_ps_ws/install/my_robot_bringup/share/my_robot_bringup/hook/cmake_prefix_path.sh'
[0.470s] Level 1:colcon.colcon_core.environment:checking '/home/aryanbhalkikar/RISC_Hack_PS/ros2_ps_ws/install/my_robot_bringup/bin'
[0.470s] Level 1:colcon.colcon_core.environment:checking '/home/aryanbhalkikar/RISC_Hack_PS/ros2_ps_ws/install/my_robot_bringup/lib/pkgconfig/my_robot_bringup.pc'
[0.470s] Level 1:colcon.colcon_core.environment:checking '/home/aryanbhalkikar/RISC_Hack_PS/ros2_ps_ws/install/my_robot_bringup/lib/python3.12/site-packages'
[0.471s] Level 1:colcon.colcon_core.environment:checking '/home/aryanbhalkikar/RISC_Hack_PS/ros2_ps_ws/install/my_robot_bringup/bin'
[0.471s] INFO:colcon.colcon_core.shell:Creating package script '/home/aryanbhalkikar/RISC_Hack_PS/ros2_ps_ws/install/my_robot_bringup/share/my_robot_bringup/package.ps1'
[0.471s] INFO:colcon.colcon_core.shell:Creating package descriptor '/home/aryanbhalkikar/RISC_Hack_PS/ros2_ps_ws/install/my_robot_bringup/share/my_robot_bringup/package.dsv'
[0.471s] INFO:colcon.colcon_core.shell:Creating package script '/home/aryanbhalkikar/RISC_Hack_PS/ros2_ps_ws/install/my_robot_bringup/share/my_robot_bringup/package.sh'
[0.471s] INFO:colcon.colcon_core.shell:Creating package script '/home/aryanbhalkikar/RISC_Hack_PS/ros2_ps_ws/install/my_robot_bringup/share/my_robot_bringup/package.bash'
[0.472s] INFO:colcon.colcon_core.shell:Creating package script '/home/aryanbhalkikar/RISC_Hack_PS/ros2_ps_ws/install/my_robot_bringup/share/my_robot_bringup/package.zsh'
[0.472s] Level 1:colcon.colcon_core.environment:create_file_with_runtime_dependencies(/home/aryanbhalkikar/RISC_Hack_PS/ros2_ps_ws/install/my_robot_bringup/share/colcon-core/packages/my_robot_bringup)
[0.472s] Level 1:colcon.colcon_core.environment:create_environment_scripts_only(my_robot_bringup)
[0.472s] Level 1:colcon.colcon_core.environment:checking '/home/aryanbhalkikar/RISC_Hack_PS/ros2_ps_ws/install/my_robot_bringup' for CMake module files
[0.472s] Level 1:colcon.colcon_core.environment:checking '/home/aryanbhalkikar/RISC_Hack_PS/ros2_ps_ws/install/my_robot_bringup' for CMake config files
[0.472s] Level 1:colcon.colcon_core.shell:create_environment_hook('my_robot_bringup', 'cmake_prefix_path')
[0.472s] INFO:colcon.colcon_core.shell:Creating environment hook '/home/aryanbhalkikar/RISC_Hack_PS/ros2_ps_ws/install/my_robot_bringup/share/my_robot_bringup/hook/cmake_prefix_path.ps1'
[0.473s] INFO:colcon.colcon_core.shell:Creating environment descriptor '/home/aryanbhalkikar/RISC_Hack_PS/ros2_ps_ws/install/my_robot_bringup/share/my_robot_bringup/hook/cmake_prefix_path.dsv'
[0.473s] INFO:colcon.colcon_core.shell:Creating environment hook '/home/aryanbhalkikar/RISC_Hack_PS/ros2_ps_ws/install/my_robot_bringup/share/my_robot_bringup/hook/cmake_prefix_path.sh'
[0.473s] Level 1:colcon.colcon_core.environment:checking '/home/aryanbhalkikar/RISC_Hack_PS/ros2_ps_ws/install/my_robot_bringup/bin'
[0.473s] Level 1:colcon.colcon_core.environment:checking '/home/aryanbhalkikar/RISC_Hack_PS/ros2_ps_ws/install/my_robot_bringup/lib/pkgconfig/my_robot_bringup.pc'
[0.473s] Level 1:colcon.colcon_core.environment:checking '/home/aryanbhalkikar/RISC_Hack_PS/ros2_ps_ws/install/my_robot_bringup/lib/python3.12/site-packages'
[0.473s] Level 1:colcon.colcon_core.environment:checking '/home/aryanbhalkikar/RISC_Hack_PS/ros2_ps_ws/install/my_robot_bringup/bin'
[0.473s] INFO:colcon.colcon_core.shell:Creating package script '/home/aryanbhalkikar/RISC_Hack_PS/ros2_ps_ws/install/my_robot_bringup/share/my_robot_bringup/package.ps1'
[0.473s] INFO:colcon.colcon_core.shell:Creating package descriptor '/home/aryanbhalkikar/RISC_Hack_PS/ros2_ps_ws/install/my_robot_bringup/share/my_robot_bringup/package.dsv'
[0.473s] INFO:colcon.colcon_core.shell:Creating package script '/home/aryanbhalkikar/RISC_Hack_PS/ros2_ps_ws/install/my_robot_bringup/share/my_robot_bringup/package.sh'
[0.474s] INFO:colcon.colcon_core.shell:Creating package script '/home/aryanbhalkikar/RISC_Hack_PS/ros2_ps_ws/install/my_robot_bringup/share/my_robot_bringup/package.bash'
[0.474s] INFO:colcon.colcon_core.shell:Creating package script '/home/aryanbhalkikar/RISC_Hack_PS/ros2_ps_ws/install/my_robot_bringup/share/my_robot_bringup/package.zsh'
[0.474s] Level 1:colcon.colcon_core.environment:create_file_with_runtime_dependencies(/home/aryanbhalkikar/RISC_Hack_PS/ros2_ps_ws/install/my_robot_bringup/share/colcon-core/packages/my_robot_bringup)
[0.474s] Level 1:colcon.colcon_core.environment:create_environment_scripts_only(my_robot_description)
[0.474s] Level 1:colcon.colcon_core.environment:checking '/home/aryanbhalkikar/RISC_Hack_PS/ros2_ps_ws/install/my_robot_description' for CMake module files
[0.475s] Level 1:colcon.colcon_core.environment:checking '/home/aryanbhalkikar/RISC_Hack_PS/ros2_ps_ws/install/my_robot_description' for CMake config files
[0.476s] DEBUG:colcon.colcon_core.event_handler.log_command:Invoked command in '/home/aryanbhalkikar/RISC_Hack_PS/ros2_ps_ws/build/my_robot_description' returned '0': CMAKE_PREFIX_PATH=${CMAKE_PREFIX_PATH}:/home/aryanbhalkikar/RISC_Hack_PS/ros2_ps_ws/install/my_py_pkg:/home/aryanbhalkikar/px4_ros2_ws/install/drone_controller:/home/aryanbhalkikar/nidar_ws/install/drone_controller:/home/aryanbhalkikar/ros2_ws2/install/my_py_pkg:/home/aryanbhalkikar/ros2_ws/install/turtle_catcher_pkg:/home/aryanbhalkikar/ros2_ws/install/my_py_pkg:/opt/ros/jazzy DEBUGINFOD_URLS=https://debuginfod.ubuntu.com /usr/bin/cmake --install /home/aryanbhalkikar/RISC_Hack_PS/ros2_ps_ws/build/my_robot_description
[0.476s] Level 1:colcon.colcon_core.shell:create_environment_hook('my_robot_description', 'cmake_prefix_path')
[0.476s] INFO:colcon.colcon_core.shell:Creating environment hook '/home/aryanbhalkikar/RISC_Hack_PS/ros2_ps_ws/install/my_robot_description/share/my_robot_description/hook/cmake_prefix_path.ps1'
[0.477s] INFO:colcon.colcon_core.shell:Creating environment descriptor '/home/aryanbhalkikar/RISC_Hack_PS/ros2_ps_ws/install/my_robot_description/share/my_robot_description/hook/cmake_prefix_path.dsv'
[0.477s] INFO:colcon.colcon_core.shell:Creating environment hook '/home/aryanbhalkikar/RISC_Hack_PS/ros2_ps_ws/install/my_robot_description/share/my_robot_description/hook/cmake_prefix_path.sh'
[0.477s] Level 1:colcon.colcon_core.environment:checking '/home/aryanbhalkikar/RISC_Hack_PS/ros2_ps_ws/install/my_robot_description/bin'
[0.477s] Level 1:colcon.colcon_core.environment:checking '/home/aryanbhalkikar/RISC_Hack_PS/ros2_ps_ws/install/my_robot_description/lib/pkgconfig/my_robot_description.pc'
[0.477s] Level 1:colcon.colcon_core.environment:checking '/home/aryanbhalkikar/RISC_Hack_PS/ros2_ps_ws/install/my_robot_description/lib/python3.12/site-packages'
[0.477s] Level 1:colcon.colcon_core.environment:checking '/home/aryanbhalkikar/RISC_Hack_PS/ros2_ps_ws/install/my_robot_description/bin'
[0.477s] INFO:colcon.colcon_core.shell:Creating package script '/home/aryanbhalkikar/RISC_Hack_PS/ros2_ps_ws/install/my_robot_description/share/my_robot_description/package.ps1'
[0.477s] INFO:colcon.colcon_core.shell:Creating package descriptor '/home/aryanbhalkikar/RISC_Hack_PS/ros2_ps_ws/install/my_robot_description/share/my_robot_description/package.dsv'
[0.477s] INFO:colcon.colcon_core.shell:Creating package script '/home/aryanbhalkikar/RISC_Hack_PS/ros2_ps_ws/install/my_robot_description/share/my_robot_description/package.sh'
[0.478s] INFO:colcon.colcon_core.shell:Creating package script '/home/aryanbhalkikar/RISC_Hack_PS/ros2_ps_ws/install/my_robot_description/share/my_robot_description/package.bash'
[0.478s] INFO:colcon.colcon_core.shell:Creating package script '/home/aryanbhalkikar/RISC_Hack_PS/ros2_ps_ws/install/my_robot_description/share/my_robot_description/package.zsh'
[0.478s] Level 1:colcon.colcon_core.environment:create_file_with_runtime_dependencies(/home/aryanbhalkikar/RISC_Hack_PS/ros2_ps_ws/install/my_robot_description/share/colcon-core/packages/my_robot_description)
[0.478s] Level 1:colcon.colcon_core.environment:create_environment_scripts_only(my_robot_description)
[0.478s] Level 1:colcon.colcon_core.environment:checking '/home/aryanbhalkikar/RISC_Hack_PS/ros2_ps_ws/install/my_robot_description' for CMake module files
[0.478s] Level 1:colcon.colcon_core.environment:checking '/home/aryanbhalkikar/RISC_Hack_PS/ros2_ps_ws/install/my_robot_description' for CMake config files
[0.478s] Level 1:colcon.colcon_core.shell:create_environment_hook('my_robot_description', 'cmake_prefix_path')
[0.478s] INFO:colcon.colcon_core.shell:Creating environment hook '/home/aryanbhalkikar/RISC_Hack_PS/ros2_ps_ws/install/my_robot_description/share/my_robot_description/hook/cmake_prefix_path.ps1'
[0.479s] INFO:colcon.colcon_core.shell:Creating environment descriptor '/home/aryanbhalkikar/RISC_Hack_PS/ros2_ps_ws/install/my_robot_description/share/my_robot_description/hook/cmake_prefix_path.dsv'
[0.479s] INFO:colcon.colcon_core.shell:Creating environment hook '/home/aryanbhalkikar/RISC_Hack_PS/ros2_ps_ws/install/my_robot_description/share/my_robot_description/hook/cmake_prefix_path.sh'
[0.479s] Level 1:colcon.colcon_core.environment:checking '/home/aryanbhalkikar/RISC_Hack_PS/ros2_ps_ws/install/my_robot_description/bin'
[0.479s] Level 1:colcon.colcon_core.environment:checking '/home/aryanbhalkikar/RISC_Hack_PS/ros2_ps_ws/install/my_robot_description/lib/pkgconfig/my_robot_description.pc'
[0.479s] Level 1:colcon.colcon_core.environment:checking '/home/aryanbhalkikar/RISC_Hack_PS/ros2_ps_ws/install/my_robot_description/lib/python3.12/site-packages'
[0.479s] Level 1:colcon.colcon_core.environment:checking '/home/aryanbhalkikar/RISC_Hack_PS/ros2_ps_ws/install/my_robot_description/bin'
[0.479s] INFO:colcon.colcon_core.shell:Creating package script '/home/aryanbhalkikar/RISC_Hack_PS/ros2_ps_ws/install/my_robot_description/share/my_robot_description/package.ps1'
[0.479s] INFO:colcon.colcon_core.shell:Creating package descriptor '/home/aryanbhalkikar/RISC_Hack_PS/ros2_ps_ws/install/my_robot_description/share/my_robot_description/package.dsv'
[0.479s] INFO:colcon.colcon_core.shell:Creating package script '/home/aryanbhalkikar/RISC_Hack_PS/ros2_ps_ws/install/my_robot_description/share/my_robot_description/package.sh'
[0.480s] INFO:colcon.colcon_core.shell:Creating package script '/home/aryanbhalkikar/RISC_Hack_PS/ros2_ps_ws/install/my_robot_description/share/my_robot_description/package.bash'
[0.480s] INFO:colcon.colcon_core.shell:Creating package script '/home/aryanbhalkikar/RISC_Hack_PS/ros2_ps_ws/install/my_robot_description/share/my_robot_description/package.zsh'
[0.480s] Level 1:colcon.colcon_core.environment:create_file_with_runtime_dependencies(/home/aryanbhalkikar/RISC_Hack_PS/ros2_ps_ws/install/my_robot_description/share/colcon-core/packages/my_robot_description)
[0.752s] DEBUG:colcon.colcon_core.event_handler.log_command:Invoking command in '/home/aryanbhalkikar/RISC_Hack_PS/ros2_ps_ws/src/my_py_pkg': DEBUGINFOD_URLS=https://debuginfod.ubuntu.com PYTHONPATH=/home/aryanbhalkikar/RISC_Hack_PS/ros2_ps_ws/build/my_py_pkg/prefix_override:/usr/lib/python3/dist-packages/colcon_core/task/python/colcon_distutils_commands:/home/aryanbhalkikar/RISC_Hack_PS/ros2_ps_ws/install/my_py_pkg/lib/python3.12/site-packages:${PYTHONPATH} /usr/bin/python3 -W ignore:setup.py install is deprecated -W ignore:easy_install command is deprecated setup.py egg_info --egg-base ../../build/my_py_pkg build --build-base /home/aryanbhalkikar/RISC_Hack_PS/ros2_ps_ws/build/my_py_pkg/build install --record /home/aryanbhalkikar/RISC_Hack_PS/ros2_ps_ws/build/my_py_pkg/install.log --single-version-externally-managed install_data
[1.008s] Level 1:colcon.colcon_core.environment:checking '/home/aryanbhalkikar/RISC_Hack_PS/ros2_ps_ws/install/my_py_pkg' for CMake module files
[1.009s] DEBUG:colcon.colcon_core.event_handler.log_command:Invoked command in '/home/aryanbhalkikar/RISC_Hack_PS/ros2_ps_ws/src/my_py_pkg' returned '0': DEBUGINFOD_URLS=https://debuginfod.ubuntu.com PYTHONPATH=/home/aryanbhalkikar/RISC_Hack_PS/ros2_ps_ws/build/my_py_pkg/prefix_override:/usr/lib/python3/dist-packages/colcon_core/task/python/colcon_distutils_commands:/home/aryanbhalkikar/RISC_Hack_PS/ros2_ps_ws/install/my_py_pkg/lib/python3.12/site-packages:${PYTHONPATH} /usr/bin/python3 -W ignore:setup.py install is deprecated -W ignore:easy_install command is deprecated setup.py egg_info --egg-base ../../build/my_py_pkg build --build-base /home/aryanbhalkikar/RISC_Hack_PS/ros2_ps_ws/build/my_py_pkg/build install --record /home/aryanbhalkikar/RISC_Hack_PS/ros2_ps_ws/build/my_py_pkg/install.log --single-version-externally-managed install_data
[1.010s] Level 1:colcon.colcon_core.environment:checking '/home/aryanbhalkikar/RISC_Hack_PS/ros2_ps_ws/install/my_py_pkg' for CMake config files
[1.011s] Level 1:colcon.colcon_core.environment:checking '/home/aryanbhalkikar/RISC_Hack_PS/ros2_ps_ws/install/my_py_pkg/lib'
[1.011s] Level 1:colcon.colcon_core.environment:checking '/home/aryanbhalkikar/RISC_Hack_PS/ros2_ps_ws/install/my_py_pkg/bin'
[1.011s] Level 1:colcon.colcon_core.environment:checking '/home/aryanbhalkikar/RISC_Hack_PS/ros2_ps_ws/install/my_py_pkg/lib/pkgconfig/my_py_pkg.pc'
[1.012s] Level 1:colcon.colcon_core.environment:checking '/home/aryanbhalkikar/RISC_Hack_PS/ros2_ps_ws/install/my_py_pkg/lib/python3.12/site-packages'
[1.012s] Level 1:colcon.colcon_core.shell:create_environment_hook('my_py_pkg', 'pythonpath')
[1.012s] INFO:colcon.colcon_core.shell:Creating environment hook '/home/aryanbhalkikar/RISC_Hack_PS/ros2_ps_ws/install/my_py_pkg/share/my_py_pkg/hook/pythonpath.ps1'
[1.013s] INFO:colcon.colcon_core.shell:Creating environment descriptor '/home/aryanbhalkikar/RISC_Hack_PS/ros2_ps_ws/install/my_py_pkg/share/my_py_pkg/hook/pythonpath.dsv'
[1.013s] INFO:colcon.colcon_core.shell:Creating environment hook '/home/aryanbhalkikar/RISC_Hack_PS/ros2_ps_ws/install/my_py_pkg/share/my_py_pkg/hook/pythonpath.sh'
[1.013s] Level 1:colcon.colcon_core.environment:checking '/home/aryanbhalkikar/RISC_Hack_PS/ros2_ps_ws/install/my_py_pkg/bin'
[1.013s] Level 1:colcon.colcon_core.environment:create_environment_scripts_only(my_py_pkg)
[1.013s] INFO:colcon.colcon_core.shell:Creating package script '/home/aryanbhalkikar/RISC_Hack_PS/ros2_ps_ws/install/my_py_pkg/share/my_py_pkg/package.ps1'
[1.014s] INFO:colcon.colcon_core.shell:Creating package descriptor '/home/aryanbhalkikar/RISC_Hack_PS/ros2_ps_ws/install/my_py_pkg/share/my_py_pkg/package.dsv'
[1.014s] INFO:colcon.colcon_core.shell:Creating package script '/home/aryanbhalkikar/RISC_Hack_PS/ros2_ps_ws/install/my_py_pkg/share/my_py_pkg/package.sh'
[1.014s] INFO:colcon.colcon_core.shell:Creating package script '/home/aryanbhalkikar/RISC_Hack_PS/ros2_ps_ws/install/my_py_pkg/share/my_py_pkg/package.bash'
[1.014s] INFO:colcon.colcon_core.shell:Creating package script '/home/aryanbhalkikar/RISC_Hack_PS/ros2_ps_ws/install/my_py_pkg/share/my_py_pkg/package.zsh'
[1.014s] Level 1:colcon.colcon_core.environment:create_file_with_runtime_dependencies(/home/aryanbhalkikar/RISC_Hack_PS/ros2_ps_ws/install/my_py_pkg/share/colcon-core/packages/my_py_pkg)
[1.014s] DEBUG:colcon.colcon_parallel_executor.executor.parallel:closing loop
[1.014s] DEBUG:colcon.colcon_parallel_executor.executor.parallel:loop closed
[1.014s] DEBUG:colcon.colcon_parallel_executor.executor.parallel:run_until_complete finished with '0'
[1.014s] DEBUG:colcon.colcon_core.event_reactor:joining thread
[1.025s] INFO:colcon.colcon_core.plugin_system:Skipping extension 'colcon_notification.desktop_notification.terminal_notifier': Not used on non-Darwin systems
[1.025s] INFO:colcon.colcon_core.plugin_system:Skipping extension 'colcon_notification.desktop_notification.win32': Not used on non-Windows systems
[1.025s] INFO:colcon.colcon_notification.desktop_notification:Sending desktop notification using 'notify2'
[1.036s] DEBUG:colcon.colcon_core.event_reactor:joined thread
[1.036s] INFO:colcon.colcon_core.shell:Creating prefix script '/home/aryanbhalkikar/RISC_Hack_PS/ros2_ps_ws/install/local_setup.ps1'
[1.037s] INFO:colcon.colcon_core.shell:Creating prefix util module '/home/aryanbhalkikar/RISC_Hack_PS/ros2_ps_ws/install/_local_setup_util_ps1.py'
[1.038s] INFO:colcon.colcon_core.shell:Creating prefix chain script '/home/aryanbhalkikar/RISC_Hack_PS/ros2_ps_ws/install/setup.ps1'
[1.039s] INFO:colcon.colcon_core.shell:Creating prefix script '/home/aryanbhalkikar/RISC_Hack_PS/ros2_ps_ws/install/local_setup.sh'
[1.039s] INFO:colcon.colcon_core.shell:Creating prefix util module '/home/aryanbhalkikar/RISC_Hack_PS/ros2_ps_ws/install/_local_setup_util_sh.py'
[1.039s] INFO:colcon.colcon_core.shell:Creating prefix chain script '/home/aryanbhalkikar/RISC_Hack_PS/ros2_ps_ws/install/setup.sh'
[1.040s] INFO:colcon.colcon_core.shell:Creating prefix script '/home/aryanbhalkikar/RISC_Hack_PS/ros2_ps_ws/install/local_setup.bash'
[1.040s] INFO:colcon.colcon_core.shell:Creating prefix chain script '/home/aryanbhalkikar/RISC_Hack_PS/ros2_ps_ws/install/setup.bash'
[1.041s] INFO:colcon.colcon_core.shell:Creating prefix script '/home/aryanbhalkikar/RISC_Hack_PS/ros2_ps_ws/install/local_setup.zsh'
[1.041s] INFO:colcon.colcon_core.shell:Creating prefix chain script '/home/aryanbhalkikar/RISC_Hack_PS/ros2_ps_ws/install/setup.zsh'
