[0.114s] Invoking command in '/home/aryanbhalkikar/RISC_Hack_PS/ros2_ps_ws/build/my_robot_bringup': CMAKE_PREFIX_PATH=${CMAKE_PREFIX_PATH}:/home/aryanbhalkikar/px4_ros2_ws/install/drone_controller:/home/aryanbhalkikar/nidar_ws/install/drone_controller:/home/aryanbhalkikar/ros2_ws2/install/my_py_pkg:/home/aryanbhalkikar/ros2_ws/install/turtle_catcher_pkg:/home/aryanbhalkikar/ros2_ws/install/my_py_pkg:/opt/ros/jazzy DEBUGINFOD_URLS=https://debuginfod.ubuntu.com /usr/bin/cmake --build /home/aryanbhalkikar/RISC_Hack_PS/ros2_ps_ws/build/my_robot_bringup -- -j8 -l8
[0.164s] Invoked command in '/home/aryanbhalkikar/RISC_Hack_PS/ros2_ps_ws/build/my_robot_bringup' returned '0': CMAKE_PREFIX_PATH=${CMAKE_PREFIX_PATH}:/home/aryanbhalkikar/px4_ros2_ws/install/drone_controller:/home/aryanbhalkikar/nidar_ws/install/drone_controller:/home/aryanbhalkikar/ros2_ws2/install/my_py_pkg:/home/aryanbhalkikar/ros2_ws/install/turtle_catcher_pkg:/home/aryanbhalkikar/ros2_ws/install/my_py_pkg:/opt/ros/jazzy DEBUGINFOD_URLS=https://debuginfod.ubuntu.com /usr/bin/cmake --build /home/aryanbhalkikar/RISC_Hack_PS/ros2_ps_ws/build/my_robot_bringup -- -j8 -l8
[0.171s] Invoking command in '/home/aryanbhalkikar/RISC_Hack_PS/ros2_ps_ws/build/my_robot_bringup': CMAKE_PREFIX_PATH=${CMAKE_PREFIX_PATH}:/home/aryanbhalkikar/px4_ros2_ws/install/drone_controller:/home/aryanbhalkikar/nidar_ws/install/drone_controller:/home/aryanbhalkikar/ros2_ws2/install/my_py_pkg:/home/aryanbhalkikar/ros2_ws/install/turtle_catcher_pkg:/home/aryanbhalkikar/ros2_ws/install/my_py_pkg:/opt/ros/jazzy DEBUGINFOD_URLS=https://debuginfod.ubuntu.com /usr/bin/cmake --install /home/aryanbhalkikar/RISC_Hack_PS/ros2_ps_ws/build/my_robot_bringup
[0.176s] -- Install configuration: ""
[0.177s] -- Up-to-date: /home/aryanbhalkikar/RISC_Hack_PS/ros2_ps_ws/install/my_robot_bringup/share/my_robot_bringup/
[0.177s] -- Up-to-date: /home/aryanbhalkikar/RISC_Hack_PS/ros2_ps_ws/install/my_robot_bringup/share/ament_index/resource_index/package_run_dependencies/my_robot_bringup
[0.177s] -- Up-to-date: /home/aryanbhalkikar/RISC_Hack_PS/ros2_ps_ws/install/my_robot_bringup/share/ament_index/resource_index/parent_prefix_path/my_robot_bringup
[0.177s] -- Up-to-date: /home/aryanbhalkikar/RISC_Hack_PS/ros2_ps_ws/install/my_robot_bringup/share/my_robot_bringup/environment/ament_prefix_path.sh
[0.177s] -- Up-to-date: /home/aryanbhalkikar/RISC_Hack_PS/ros2_ps_ws/install/my_robot_bringup/share/my_robot_bringup/environment/ament_prefix_path.dsv
[0.177s] -- Up-to-date: /home/aryanbhalkikar/RISC_Hack_PS/ros2_ps_ws/install/my_robot_bringup/share/my_robot_bringup/environment/path.sh
[0.177s] -- Up-to-date: /home/aryanbhalkikar/RISC_Hack_PS/ros2_ps_ws/install/my_robot_bringup/share/my_robot_bringup/environment/path.dsv
[0.178s] -- Up-to-date: /home/aryanbhalkikar/RISC_Hack_PS/ros2_ps_ws/install/my_robot_bringup/share/my_robot_bringup/local_setup.bash
[0.178s] -- Up-to-date: /home/aryanbhalkikar/RISC_Hack_PS/ros2_ps_ws/install/my_robot_bringup/share/my_robot_bringup/local_setup.sh
[0.178s] -- Up-to-date: /home/aryanbhalkikar/RISC_Hack_PS/ros2_ps_ws/install/my_robot_bringup/share/my_robot_bringup/local_setup.zsh
[0.178s] -- Up-to-date: /home/aryanbhalkikar/RISC_Hack_PS/ros2_ps_ws/install/my_robot_bringup/share/my_robot_bringup/local_setup.dsv
[0.178s] -- Installing: /home/aryanbhalkikar/RISC_Hack_PS/ros2_ps_ws/install/my_robot_bringup/share/my_robot_bringup/package.dsv
[0.178s] -- Up-to-date: /home/aryanbhalkikar/RISC_Hack_PS/ros2_ps_ws/install/my_robot_bringup/share/ament_index/resource_index/packages/my_robot_bringup
[0.178s] -- Up-to-date: /home/aryanbhalkikar/RISC_Hack_PS/ros2_ps_ws/install/my_robot_bringup/share/my_robot_bringup/cmake/my_robot_bringupConfig.cmake
[0.178s] -- Up-to-date: /home/aryanbhalkikar/RISC_Hack_PS/ros2_ps_ws/install/my_robot_bringup/share/my_robot_bringup/cmake/my_robot_bringupConfig-version.cmake
[0.179s] -- Up-to-date: /home/aryanbhalkikar/RISC_Hack_PS/ros2_ps_ws/install/my_robot_bringup/share/my_robot_bringup/package.xml
[0.181s] Invoked command in '/home/aryanbhalkikar/RISC_Hack_PS/ros2_ps_ws/build/my_robot_bringup' returned '0': CMAKE_PREFIX_PATH=${CMAKE_PREFIX_PATH}:/home/aryanbhalkikar/px4_ros2_ws/install/drone_controller:/home/aryanbhalkikar/nidar_ws/install/drone_controller:/home/aryanbhalkikar/ros2_ws2/install/my_py_pkg:/home/aryanbhalkikar/ros2_ws/install/turtle_catcher_pkg:/home/aryanbhalkikar/ros2_ws/install/my_py_pkg:/opt/ros/jazzy DEBUGINFOD_URLS=https://debuginfod.ubuntu.com /usr/bin/cmake --install /home/aryanbhalkikar/RISC_Hack_PS/ros2_ps_ws/build/my_robot_bringup
