[0.538s] Invoking command in '/home/aryanbhalkikar/RISC_Hack_PS/ros2_ps_ws/src/my_py_pkg': DEBUGINFOD_URLS=https://debuginfod.ubuntu.com PYTHONPATH=/home/aryanbhalkikar/RISC_Hack_PS/ros2_ps_ws/build/my_py_pkg/prefix_override:/usr/lib/python3/dist-packages/colcon_core/task/python/colcon_distutils_commands:/home/aryanbhalkikar/RISC_Hack_PS/ros2_ps_ws/install/my_py_pkg/lib/python3.12/site-packages:${PYTHONPATH} /usr/bin/python3 -W ignore:setup.py install is deprecated -W ignore:easy_install command is deprecated setup.py egg_info --egg-base ../../build/my_py_pkg build --build-base /home/aryanbhalkikar/RISC_Hack_PS/ros2_ps_ws/build/my_py_pkg/build install --record /home/aryanbhalkikar/RISC_Hack_PS/ros2_ps_ws/build/my_py_pkg/install.log --single-version-externally-managed install_data
[0.664s] running egg_info
[0.665s] creating ../../build/my_py_pkg/my_py_pkg.egg-info
[0.673s] writing ../../build/my_py_pkg/my_py_pkg.egg-info/PKG-INFO
[0.673s] writing dependency_links to ../../build/my_py_pkg/my_py_pkg.egg-info/dependency_links.txt
[0.673s] writing requirements to ../../build/my_py_pkg/my_py_pkg.egg-info/requires.txt
[0.673s] writing top-level names to ../../build/my_py_pkg/my_py_pkg.egg-info/top_level.txt
[0.673s] writing manifest file '../../build/my_py_pkg/my_py_pkg.egg-info/SOURCES.txt'
[0.693s] reading manifest file '../../build/my_py_pkg/my_py_pkg.egg-info/SOURCES.txt'
[0.693s] writing manifest file '../../build/my_py_pkg/my_py_pkg.egg-info/SOURCES.txt'
[0.693s] running build
[0.693s] running build_py
[0.693s] creating /home/aryanbhalkikar/RISC_Hack_PS/ros2_ps_ws/build/my_py_pkg/build
[0.693s] creating /home/aryanbhalkikar/RISC_Hack_PS/ros2_ps_ws/build/my_py_pkg/build/lib
[0.693s] creating /home/aryanbhalkikar/RISC_Hack_PS/ros2_ps_ws/build/my_py_pkg/build/lib/my_py_pkg
[0.693s] copying my_py_pkg/__init__.py -> /home/aryanbhalkikar/RISC_Hack_PS/ros2_ps_ws/build/my_py_pkg/build/lib/my_py_pkg
[0.693s] running install
[0.696s] running install_lib
[0.705s] creating /home/aryanbhalkikar/RISC_Hack_PS/ros2_ps_ws/install/my_py_pkg/lib/python3.12/site-packages/my_py_pkg
[0.705s] copying /home/aryanbhalkikar/RISC_Hack_PS/ros2_ps_ws/build/my_py_pkg/build/lib/my_py_pkg/__init__.py -> /home/aryanbhalkikar/RISC_Hack_PS/ros2_ps_ws/install/my_py_pkg/lib/python3.12/site-packages/my_py_pkg
[0.705s] byte-compiling /home/aryanbhalkikar/RISC_Hack_PS/ros2_ps_ws/install/my_py_pkg/lib/python3.12/site-packages/my_py_pkg/__init__.py to __init__.cpython-312.pyc
[0.705s] running install_data
[0.705s] creating /home/aryanbhalkikar/RISC_Hack_PS/ros2_ps_ws/install/my_py_pkg/share/ament_index
[0.705s] creating /home/aryanbhalkikar/RISC_Hack_PS/ros2_ps_ws/install/my_py_pkg/share/ament_index/resource_index
[0.705s] creating /home/aryanbhalkikar/RISC_Hack_PS/ros2_ps_ws/install/my_py_pkg/share/ament_index/resource_index/packages
[0.705s] copying resource/my_py_pkg -> /home/aryanbhalkikar/RISC_Hack_PS/ros2_ps_ws/install/my_py_pkg/share/ament_index/resource_index/packages
[0.705s] copying package.xml -> /home/aryanbhalkikar/RISC_Hack_PS/ros2_ps_ws/install/my_py_pkg/share/my_py_pkg
[0.705s] running install_egg_info
[0.715s] Copying ../../build/my_py_pkg/my_py_pkg.egg-info to /home/aryanbhalkikar/RISC_Hack_PS/ros2_ps_ws/install/my_py_pkg/lib/python3.12/site-packages/my_py_pkg-0.0.0-py3.12.egg-info
[0.715s] running install_scripts
[0.779s] writing list of installed files to '/home/aryanbhalkikar/RISC_Hack_PS/ros2_ps_ws/build/my_py_pkg/install.log'
[0.798s] Invoked command in '/home/aryanbhalkikar/RISC_Hack_PS/ros2_ps_ws/src/my_py_pkg' returned '0': DEBUGINFOD_URLS=https://debuginfod.ubuntu.com PYTHONPATH=/home/aryanbhalkikar/RISC_Hack_PS/ros2_ps_ws/build/my_py_pkg/prefix_override:/usr/lib/python3/dist-packages/colcon_core/task/python/colcon_distutils_commands:/home/aryanbhalkikar/RISC_Hack_PS/ros2_ps_ws/install/my_py_pkg/lib/python3.12/site-packages:${PYTHONPATH} /usr/bin/python3 -W ignore:setup.py install is deprecated -W ignore:easy_install command is deprecated setup.py egg_info --egg-base ../../build/my_py_pkg build --build-base /home/aryanbhalkikar/RISC_Hack_PS/ros2_ps_ws/build/my_py_pkg/build install --record /home/aryanbhalkikar/RISC_Hack_PS/ros2_ps_ws/build/my_py_pkg/install.log --single-version-externally-managed install_data
